c:\users\amitz\riderprojects\wazedrones\wazedrones\x64\debug\vc143.pdb
c:\users\amitz\riderprojects\wazedrones\wazedrones\x64\debug\vc143.idb
c:\users\amitz\riderprojects\wazedrones\wazedrones\x64\debug\glad.obj
c:\users\amitz\riderprojects\wazedrones\wazedrones\x64\debug\wazedrones.obj
c:\users\amitz\riderprojects\wazedrones\wazedrones\x64\debug\customrandomengine.obj
c:\users\amitz\riderprojects\wazedrones\wazedrones\x64\debug\boundingbox.obj
c:\users\amitz\riderprojects\wazedrones\wazedrones\x64\debug\texture.obj
c:\users\amitz\riderprojects\wazedrones\wazedrones\x64\debug\shader.obj
c:\users\amitz\riderprojects\wazedrones\wazedrones\x64\debug\camera.obj
c:\users\amitz\riderprojects\wazedrones\wazedrones\x64\debug\enginedefaults.obj
c:\users\amitz\riderprojects\wazedrones\x64\debug\wazedrones.exe
c:\users\amitz\riderprojects\wazedrones\wazedrones\x64\debug\wazedrones.ilk
c:\users\amitz\riderprojects\wazedrones\x64\debug\wazedrones.pdb
c:\users\amitz\riderprojects\wazedrones\wazedrones\x64\debug\wazedrones.tlog\cl.command.1.tlog
c:\users\amitz\riderprojects\wazedrones\wazedrones\x64\debug\wazedrones.tlog\cl.read.1.tlog
c:\users\amitz\riderprojects\wazedrones\wazedrones\x64\debug\wazedrones.tlog\cl.write.1.tlog
c:\users\amitz\riderprojects\wazedrones\wazedrones\x64\debug\wazedrones.tlog\link-cvtres.read.1.tlog
c:\users\amitz\riderprojects\wazedrones\wazedrones\x64\debug\wazedrones.tlog\link-cvtres.write.1.tlog
c:\users\amitz\riderprojects\wazedrones\wazedrones\x64\debug\wazedrones.tlog\link-rc.read.1.tlog
c:\users\amitz\riderprojects\wazedrones\wazedrones\x64\debug\wazedrones.tlog\link-rc.write.1.tlog
c:\users\amitz\riderprojects\wazedrones\wazedrones\x64\debug\wazedrones.tlog\link.8676-cvtres.read.1.tlog
c:\users\amitz\riderprojects\wazedrones\wazedrones\x64\debug\wazedrones.tlog\link.8676-cvtres.write.1.tlog
c:\users\amitz\riderprojects\wazedrones\wazedrones\x64\debug\wazedrones.tlog\link.8676-rc.read.1.tlog
c:\users\amitz\riderprojects\wazedrones\wazedrones\x64\debug\wazedrones.tlog\link.8676-rc.write.1.tlog
c:\users\amitz\riderprojects\wazedrones\wazedrones\x64\debug\wazedrones.tlog\link.8676.read.1.tlog
c:\users\amitz\riderprojects\wazedrones\wazedrones\x64\debug\wazedrones.tlog\link.8676.read.2.tlog
c:\users\amitz\riderprojects\wazedrones\wazedrones\x64\debug\wazedrones.tlog\link.8676.write.1.tlog
c:\users\amitz\riderprojects\wazedrones\wazedrones\x64\debug\wazedrones.tlog\link.command.1.tlog
c:\users\amitz\riderprojects\wazedrones\wazedrones\x64\debug\wazedrones.tlog\link.read.1.tlog
c:\users\amitz\riderprojects\wazedrones\wazedrones\x64\debug\wazedrones.tlog\link.read.2.tlog
c:\users\amitz\riderprojects\wazedrones\wazedrones\x64\debug\wazedrones.tlog\link.write.1.tlog
